This file contains any messages produced by compilers while
running configure, to aid debugging if configure makes a mistake.

It was created by configure, which was
generated by GNU Autoconf 2.69.  Invocation command line was

  $ ./configure 

## --------- ##
## Platform. ##
## --------- ##

hostname = ip-172-31-1-92
uname -m = x86_64
uname -r = 3.13.0-68-generic
uname -s = Linux
uname -v = #111-Ubuntu SMP Fri Nov 6 18:17:06 UTC 2015

/usr/bin/uname -p = unknown
/bin/uname -X     = unknown

/bin/arch              = unknown
/usr/bin/arch -k       = unknown
/usr/convex/getsysinfo = unknown
/usr/bin/hostinfo      = unknown
/bin/machine           = unknown
/usr/bin/oslevel       = unknown
/bin/universe          = unknown

PATH: /usr/local/sbin
PATH: /usr/local/bin
PATH: /usr/sbin
PATH: /usr/bin
PATH: /sbin
PATH: /bin
PATH: /usr/games
PATH: /usr/local/games


## ----------- ##
## Core tests. ##
## ----------- ##

configure:2243: checking for gcc
configure:2259: found /usr/bin/gcc
configure:2270: result: gcc
configure:2499: checking for C compiler version
configure:2508: gcc --version >&5
gcc (Ubuntu 4.8.4-2ubuntu1~14.04) 4.8.4
Copyright (C) 2013 Free Software Foundation, Inc.
This is free software; see the source for copying conditions.  There is NO
warranty; not even for MERCHANTABILITY or FITNESS FOR A PARTICULAR PURPOSE.

configure:2519: $? = 0
configure:2508: gcc -v >&5
Using built-in specs.
COLLECT_GCC=gcc
COLLECT_LTO_WRAPPER=/usr/lib/gcc/x86_64-linux-gnu/4.8/lto-wrapper
Target: x86_64-linux-gnu
Configured with: ../src/configure -v --with-pkgversion='Ubuntu 4.8.4-2ubuntu1~14.04' --with-bugurl=file:///usr/share/doc/gcc-4.8/README.Bugs --enable-languages=c,c++,java,go,d,fortran,objc,obj-c++ --prefix=/usr --program-suffix=-4.8 --enable-shared --enable-linker-build-id --libexecdir=/usr/lib --without-included-gettext --enable-threads=posix --with-gxx-include-dir=/usr/include/c++/4.8 --libdir=/usr/lib --enable-nls --with-sysroot=/ --enable-clocale=gnu --enable-libstdcxx-debug --enable-libstdcxx-time=yes --enable-gnu-unique-object --disable-libmudflap --enable-plugin --with-system-zlib --disable-browser-plugin --enable-java-awt=gtk --enable-gtk-cairo --with-java-home=/usr/lib/jvm/java-1.5.0-gcj-4.8-amd64/jre --enable-java-home --with-jvm-root-dir=/usr/lib/jvm/java-1.5.0-gcj-4.8-amd64 --with-jvm-jar-dir=/usr/lib/jvm-exports/java-1.5.0-gcj-4.8-amd64 --with-arch-directory=amd64 --with-ecj-jar=/usr/share/java/eclipse-ecj.jar --enable-objc-gc --enable-multiarch --disable-werror --with-arch-32=i686 --with-abi=m64 --with-multilib-list=m32,m64,mx32 --with-tune=generic --enable-checking=release --build=x86_64-linux-gnu --host=x86_64-linux-gnu --target=x86_64-linux-gnu
Thread model: posix
gcc version 4.8.4 (Ubuntu 4.8.4-2ubuntu1~14.04) 
configure:2519: $? = 0
configure:2508: gcc -V >&5
gcc: error: unrecognized command line option '-V'
gcc: fatal error: no input files
compilation terminated.
configure:2519: $? = 4
configure:2508: gcc -qversion >&5
gcc: error: unrecognized command line option '-qversion'
gcc: fatal error: no input files
compilation terminated.
configure:2519: $? = 4
configure:2539: checking whether the C compiler works
configure:2561: gcc    conftest.c  >&5
configure:2565: $? = 0
configure:2613: result: yes
configure:2616: checking for C compiler default output file name
configure:2618: result: a.out
configure:2624: checking for suffix of executables
configure:2631: gcc -o conftest    conftest.c  >&5
configure:2635: $? = 0
configure:2657: result: 
configure:2679: checking whether we are cross compiling
configure:2687: gcc -o conftest    conftest.c  >&5
configure:2691: $? = 0
configure:2698: ./conftest
configure:2702: $? = 0
configure:2717: result: no
configure:2722: checking for suffix of object files
configure:2744: gcc -c   conftest.c >&5
configure:2748: $? = 0
configure:2769: result: o
configure:2773: checking whether we are using the GNU C compiler
configure:2792: gcc -c   conftest.c >&5
configure:2792: $? = 0
configure:2801: result: yes
configure:2810: checking whether gcc accepts -g
configure:2830: gcc -c -g  conftest.c >&5
configure:2830: $? = 0
configure:2871: result: yes
configure:2888: checking for gcc option to accept ISO C89
configure:2951: gcc  -c -g -O2  conftest.c >&5
configure:2951: $? = 0
configure:2964: result: none needed
configure:2990: checking how to run the C preprocessor
configure:3021: gcc -E  conftest.c
configure:3021: $? = 0
configure:3035: gcc -E  conftest.c
conftest.c:9:28: fatal error: ac_nonexistent.h: No such file or directory
 #include <ac_nonexistent.h>
                            ^
compilation terminated.
configure:3035: $? = 1
configure: failed program was:
| /* confdefs.h */
| #define PACKAGE_NAME ""
| #define PACKAGE_TARNAME ""
| #define PACKAGE_VERSION ""
| #define PACKAGE_STRING ""
| #define PACKAGE_BUGREPORT ""
| #define PACKAGE_URL ""
| /* end confdefs.h.  */
| #include <ac_nonexistent.h>
configure:3060: result: gcc -E
configure:3080: gcc -E  conftest.c
configure:3080: $? = 0
configure:3094: gcc -E  conftest.c
conftest.c:9:28: fatal error: ac_nonexistent.h: No such file or directory
 #include <ac_nonexistent.h>
                            ^
compilation terminated.
configure:3094: $? = 1
configure: failed program was:
| /* confdefs.h */
| #define PACKAGE_NAME ""
| #define PACKAGE_TARNAME ""
| #define PACKAGE_VERSION ""
| #define PACKAGE_STRING ""
| #define PACKAGE_BUGREPORT ""
| #define PACKAGE_URL ""
| /* end confdefs.h.  */
| #include <ac_nonexistent.h>
configure:3123: checking for grep that handles long lines and -e
configure:3181: result: /bin/grep
configure:3186: checking for egrep
configure:3248: result: /bin/grep -E
configure:3253: checking for ANSI C header files
configure:3273: gcc -c -g -O2  conftest.c >&5
configure:3273: $? = 0
configure:3346: gcc -o conftest -g -O2   conftest.c  >&5
configure:3346: $? = 0
configure:3346: ./conftest
configure:3346: $? = 0
configure:3357: result: yes
configure:3370: checking for sys/types.h
configure:3370: gcc -c -g -O2  conftest.c >&5
configure:3370: $? = 0
configure:3370: result: yes
configure:3370: checking for sys/stat.h
configure:3370: gcc -c -g -O2  conftest.c >&5
configure:3370: $? = 0
configure:3370: result: yes
configure:3370: checking for stdlib.h
configure:3370: gcc -c -g -O2  conftest.c >&5
configure:3370: $? = 0
configure:3370: result: yes
configure:3370: checking for string.h
configure:3370: gcc -c -g -O2  conftest.c >&5
configure:3370: $? = 0
configure:3370: result: yes
configure:3370: checking for memory.h
configure:3370: gcc -c -g -O2  conftest.c >&5
configure:3370: $? = 0
configure:3370: result: yes
configure:3370: checking for strings.h
configure:3370: gcc -c -g -O2  conftest.c >&5
configure:3370: $? = 0
configure:3370: result: yes
configure:3370: checking for inttypes.h
configure:3370: gcc -c -g -O2  conftest.c >&5
configure:3370: $? = 0
configure:3370: result: yes
configure:3370: checking for stdint.h
configure:3370: gcc -c -g -O2  conftest.c >&5
configure:3370: $? = 0
configure:3370: result: yes
configure:3370: checking for unistd.h
configure:3370: gcc -c -g -O2  conftest.c >&5
configure:3370: $? = 0
configure:3370: result: yes
configure:3383: checking minix/config.h usability
configure:3383: gcc -c -g -O2  conftest.c >&5
conftest.c:52:26: fatal error: minix/config.h: No such file or directory
 #include <minix/config.h>
                          ^
compilation terminated.
configure:3383: $? = 1
configure: failed program was:
| /* confdefs.h */
| #define PACKAGE_NAME ""
| #define PACKAGE_TARNAME ""
| #define PACKAGE_VERSION ""
| #define PACKAGE_STRING ""
| #define PACKAGE_BUGREPORT ""
| #define PACKAGE_URL ""
| #define STDC_HEADERS 1
| #define HAVE_SYS_TYPES_H 1
| #define HAVE_SYS_STAT_H 1
| #define HAVE_STDLIB_H 1
| #define HAVE_STRING_H 1
| #define HAVE_MEMORY_H 1
| #define HAVE_STRINGS_H 1
| #define HAVE_INTTYPES_H 1
| #define HAVE_STDINT_H 1
| #define HAVE_UNISTD_H 1
| /* end confdefs.h.  */
| #include <stdio.h>
| #ifdef HAVE_SYS_TYPES_H
| # include <sys/types.h>
| #endif
| #ifdef HAVE_SYS_STAT_H
| # include <sys/stat.h>
| #endif
| #ifdef STDC_HEADERS
| # include <stdlib.h>
| # include <stddef.h>
| #else
| # ifdef HAVE_STDLIB_H
| #  include <stdlib.h>
| # endif
| #endif
| #ifdef HAVE_STRING_H
| # if !defined STDC_HEADERS && defined HAVE_MEMORY_H
| #  include <memory.h>
| # endif
| # include <string.h>
| #endif
| #ifdef HAVE_STRINGS_H
| # include <strings.h>
| #endif
| #ifdef HAVE_INTTYPES_H
| # include <inttypes.h>
| #endif
| #ifdef HAVE_STDINT_H
| # include <stdint.h>
| #endif
| #ifdef HAVE_UNISTD_H
| # include <unistd.h>
| #endif
| #include <minix/config.h>
configure:3383: result: no
configure:3383: checking minix/config.h presence
configure:3383: gcc -E  conftest.c
conftest.c:19:26: fatal error: minix/config.h: No such file or directory
 #include <minix/config.h>
                          ^
compilation terminated.
configure:3383: $? = 1
configure: failed program was:
| /* confdefs.h */
| #define PACKAGE_NAME ""
| #define PACKAGE_TARNAME ""
| #define PACKAGE_VERSION ""
| #define PACKAGE_STRING ""
| #define PACKAGE_BUGREPORT ""
| #define PACKAGE_URL ""
| #define STDC_HEADERS 1
| #define HAVE_SYS_TYPES_H 1
| #define HAVE_SYS_STAT_H 1
| #define HAVE_STDLIB_H 1
| #define HAVE_STRING_H 1
| #define HAVE_MEMORY_H 1
| #define HAVE_STRINGS_H 1
| #define HAVE_INTTYPES_H 1
| #define HAVE_STDINT_H 1
| #define HAVE_UNISTD_H 1
| /* end confdefs.h.  */
| #include <minix/config.h>
configure:3383: result: no
configure:3383: checking for minix/config.h
configure:3383: result: no
configure:3404: checking whether it is safe to define __EXTENSIONS__
configure:3422: gcc -c -g -O2  conftest.c >&5
configure:3422: $? = 0
configure:3429: result: yes
configure:3862: checking whether make sets $(MAKE)
configure:3884: result: yes
configure:3941: checking for gcc
configure:3968: result: gcc
configure:4197: checking for C compiler version
configure:4206: gcc --version >&5
gcc (Ubuntu 4.8.4-2ubuntu1~14.04) 4.8.4
Copyright (C) 2013 Free Software Foundation, Inc.
This is free software; see the source for copying conditions.  There is NO
warranty; not even for MERCHANTABILITY or FITNESS FOR A PARTICULAR PURPOSE.

configure:4217: $? = 0
configure:4206: gcc -v >&5
Using built-in specs.
COLLECT_GCC=gcc
COLLECT_LTO_WRAPPER=/usr/lib/gcc/x86_64-linux-gnu/4.8/lto-wrapper
Target: x86_64-linux-gnu
Configured with: ../src/configure -v --with-pkgversion='Ubuntu 4.8.4-2ubuntu1~14.04' --with-bugurl=file:///usr/share/doc/gcc-4.8/README.Bugs --enable-languages=c,c++,java,go,d,fortran,objc,obj-c++ --prefix=/usr --program-suffix=-4.8 --enable-shared --enable-linker-build-id --libexecdir=/usr/lib --without-included-gettext --enable-threads=posix --with-gxx-include-dir=/usr/include/c++/4.8 --libdir=/usr/lib --enable-nls --with-sysroot=/ --enable-clocale=gnu --enable-libstdcxx-debug --enable-libstdcxx-time=yes --enable-gnu-unique-object --disable-libmudflap --enable-plugin --with-system-zlib --disable-browser-plugin --enable-java-awt=gtk --enable-gtk-cairo --with-java-home=/usr/lib/jvm/java-1.5.0-gcj-4.8-amd64/jre --enable-java-home --with-jvm-root-dir=/usr/lib/jvm/java-1.5.0-gcj-4.8-amd64 --with-jvm-jar-dir=/usr/lib/jvm-exports/java-1.5.0-gcj-4.8-amd64 --with-arch-directory=amd64 --with-ecj-jar=/usr/share/java/eclipse-ecj.jar --enable-objc-gc --enable-multiarch --disable-werror --with-arch-32=i686 --with-abi=m64 --with-multilib-list=m32,m64,mx32 --with-tune=generic --enable-checking=release --build=x86_64-linux-gnu --host=x86_64-linux-gnu --target=x86_64-linux-gnu
Thread model: posix
gcc version 4.8.4 (Ubuntu 4.8.4-2ubuntu1~14.04) 
configure:4217: $? = 0
configure:4206: gcc -V >&5
gcc: error: unrecognized command line option '-V'
gcc: fatal error: no input files
compilation terminated.
configure:4217: $? = 4
configure:4206: gcc -qversion >&5
gcc: error: unrecognized command line option '-qversion'
gcc: fatal error: no input files
compilation terminated.
configure:4217: $? = 4
configure:4221: checking whether we are using the GNU C compiler
configure:4249: result: yes
configure:4258: checking whether gcc accepts -g
configure:4319: result: yes
configure:4336: checking for gcc option to accept ISO C89
configure:4412: result: none needed
configure:4437: checking how to run the C preprocessor
configure:4507: result: gcc -E
configure:4527: gcc -E  -DMAXCONN=16384 conftest.c
configure:4527: $? = 0
configure:4541: gcc -E  -DMAXCONN=16384 conftest.c
conftest.c:24:28: fatal error: ac_nonexistent.h: No such file or directory
 #include <ac_nonexistent.h>
                            ^
compilation terminated.
configure:4541: $? = 1
configure: failed program was:
| /* confdefs.h */
| #define PACKAGE_NAME ""
| #define PACKAGE_TARNAME ""
| #define PACKAGE_VERSION ""
| #define PACKAGE_STRING ""
| #define PACKAGE_BUGREPORT ""
| #define PACKAGE_URL ""
| #define STDC_HEADERS 1
| #define HAVE_SYS_TYPES_H 1
| #define HAVE_SYS_STAT_H 1
| #define HAVE_STDLIB_H 1
| #define HAVE_STRING_H 1
| #define HAVE_MEMORY_H 1
| #define HAVE_STRINGS_H 1
| #define HAVE_INTTYPES_H 1
| #define HAVE_STDINT_H 1
| #define HAVE_UNISTD_H 1
| #define __EXTENSIONS__ 1
| #define _ALL_SOURCE 1
| #define _GNU_SOURCE 1
| #define _POSIX_PTHREAD_SEMANTICS 1
| #define _TANDEM_SOURCE 1
| /* end confdefs.h.  */
| #include <ac_nonexistent.h>
configure:4571: checking for ar
configure:4589: found /usr/bin/ar
configure:4601: result: /usr/bin/ar
configure:4621: checking whether byte ordering is bigendian
configure:4636: gcc -c -g -O2 -pipe -ffast-math -fvisibility=hidden -Wall -Wextra -Wno-sign-compare  -DMAXCONN=16384 -I../common conftest.c >&5
conftest.c:25:9: error: unknown type name 'not'
         not a universal capable compiler
         ^
conftest.c:25:15: error: expected '=', ',', ';', 'asm' or '__attribute__' before 'universal'
         not a universal capable compiler
               ^
conftest.c:25:15: error: unknown type name 'universal'
configure:4636: $? = 1
configure: failed program was:
| /* confdefs.h */
| #define PACKAGE_NAME ""
| #define PACKAGE_TARNAME ""
| #define PACKAGE_VERSION ""
| #define PACKAGE_STRING ""
| #define PACKAGE_BUGREPORT ""
| #define PACKAGE_URL ""
| #define STDC_HEADERS 1
| #define HAVE_SYS_TYPES_H 1
| #define HAVE_SYS_STAT_H 1
| #define HAVE_STDLIB_H 1
| #define HAVE_STRING_H 1
| #define HAVE_MEMORY_H 1
| #define HAVE_STRINGS_H 1
| #define HAVE_INTTYPES_H 1
| #define HAVE_STDINT_H 1
| #define HAVE_UNISTD_H 1
| #define __EXTENSIONS__ 1
| #define _ALL_SOURCE 1
| #define _GNU_SOURCE 1
| #define _POSIX_PTHREAD_SEMANTICS 1
| #define _TANDEM_SOURCE 1
| /* end confdefs.h.  */
| #ifndef __APPLE_CC__
| 	       not a universal capable compiler
| 	     #endif
| 	     typedef int dummy;
| 
configure:4681: gcc -c -g -O2 -pipe -ffast-math -fvisibility=hidden -Wall -Wextra -Wno-sign-compare  -DMAXCONN=16384 -I../common conftest.c >&5
configure:4681: $? = 0
configure:4699: gcc -c -g -O2 -pipe -ffast-math -fvisibility=hidden -Wall -Wextra -Wno-sign-compare  -DMAXCONN=16384 -I../common conftest.c >&5
conftest.c: In function 'main':
conftest.c:31:4: error: unknown type name 'not'
    not big endian
    ^
conftest.c:31:12: error: expected '=', ',', ';', 'asm' or '__attribute__' before 'endian'
    not big endian
            ^
configure:4699: $? = 1
configure: failed program was:
| /* confdefs.h */
| #define PACKAGE_NAME ""
| #define PACKAGE_TARNAME ""
| #define PACKAGE_VERSION ""
| #define PACKAGE_STRING ""
| #define PACKAGE_BUGREPORT ""
| #define PACKAGE_URL ""
| #define STDC_HEADERS 1
| #define HAVE_SYS_TYPES_H 1
| #define HAVE_SYS_STAT_H 1
| #define HAVE_STDLIB_H 1
| #define HAVE_STRING_H 1
| #define HAVE_MEMORY_H 1
| #define HAVE_STRINGS_H 1
| #define HAVE_INTTYPES_H 1
| #define HAVE_STDINT_H 1
| #define HAVE_UNISTD_H 1
| #define __EXTENSIONS__ 1
| #define _ALL_SOURCE 1
| #define _GNU_SOURCE 1
| #define _POSIX_PTHREAD_SEMANTICS 1
| #define _TANDEM_SOURCE 1
| /* end confdefs.h.  */
| #include <sys/types.h>
| 		#include <sys/param.h>
| 
| int
| main ()
| {
| #if BYTE_ORDER != BIG_ENDIAN
| 		 not big endian
| 		#endif
| 
|   ;
|   return 0;
| }
configure:4827: result: no
configure:4896: checking whether gcc produces 32bit code
configure:4914: gcc -o conftest -g -O2 -pipe -ffast-math -fvisibility=hidden -Wall -Wextra -Wno-sign-compare  -DMAXCONN=16384 -I../common  conftest.c  >&5
conftest.c: In function 'main':
conftest.c:25:16: warning: unused parameter 'argc' [-Wunused-parameter]
   int main(int argc, char **argv){
                ^
conftest.c:25:29: warning: unused parameter 'argv' [-Wunused-parameter]
   int main(int argc, char **argv){
                             ^
configure:4914: $? = 0
configure:4914: ./conftest
configure:4914: $? = 1
configure: program exited with status 1
configure: failed program was:
| /* confdefs.h */
| #define PACKAGE_NAME ""
| #define PACKAGE_TARNAME ""
| #define PACKAGE_VERSION ""
| #define PACKAGE_STRING ""
| #define PACKAGE_BUGREPORT ""
| #define PACKAGE_URL ""
| #define STDC_HEADERS 1
| #define HAVE_SYS_TYPES_H 1
| #define HAVE_SYS_STAT_H 1
| #define HAVE_STDLIB_H 1
| #define HAVE_STRING_H 1
| #define HAVE_MEMORY_H 1
| #define HAVE_STRINGS_H 1
| #define HAVE_INTTYPES_H 1
| #define HAVE_STDINT_H 1
| #define HAVE_UNISTD_H 1
| #define __EXTENSIONS__ 1
| #define _ALL_SOURCE 1
| #define _GNU_SOURCE 1
| #define _POSIX_PTHREAD_SEMANTICS 1
| #define _TANDEM_SOURCE 1
| /* end confdefs.h.  */
| 
| 		int main(int argc, char **argv){
| 			if(sizeof(void*) == 4) return 0;
| 			else return 1;
| 		}
| 
configure:4959: result: no
configure:4973: checking whether gcc supports __thread specifier (TLS)
configure:4992: gcc -o conftest -g -O2 -pipe -ffast-math -fvisibility=hidden -Wall -Wextra -Wno-sign-compare  -DMAXCONN=16384 -I../common  conftest.c  >&5
conftest.c: In function 'main':
conftest.c:27:16: warning: unused parameter 'argc' [-Wunused-parameter]
   int main(int argc, char **argv){
                ^
conftest.c:27:29: warning: unused parameter 'argv' [-Wunused-parameter]
   int main(int argc, char **argv){
                             ^
configure:4992: $? = 0
configure:4992: ./conftest
configure:4992: $? = 0
configure:4994: result: yes
configure:5017: checking whether gcc accepts -rdynamic
configure:5028: gcc -o conftest -g -O2 -pipe -ffast-math -fvisibility=hidden -Wall -Wextra -Wno-sign-compare  -DMAXCONN=16384 -I../common -DHAS_TLS  -rdynamic conftest.c  >&5
conftest.c: In function 'main':
conftest.c:25:16: warning: unused parameter 'argc' [-Wunused-parameter]
   int main(int argc, char **argv)
                ^
conftest.c:25:29: warning: unused parameter 'argv' [-Wunused-parameter]
   int main(int argc, char **argv)
                             ^
configure:5028: $? = 0
configure:5030: result: yes
configure:5923: checking whether gcc supports -Wno-unused-parameter
configure:5931: gcc -c -g -O2 -pipe -ffast-math -fvisibility=hidden -Wall -Wextra -Wno-sign-compare -Werror -Wno-unused-parameter  -DMAXCONN=16384 -I../common -DHAS_TLS conftest.c >&5
configure:5931: $? = 0
configure:5941: gcc -c -g -O2 -pipe -ffast-math -fvisibility=hidden -Wall -Wextra -Wno-sign-compare -Werror -Wunused-parameter  -DMAXCONN=16384 -I../common -DHAS_TLS conftest.c >&5
configure:5941: $? = 0
configure:5943: result: yes
configure:5948: checking whether gcc can actually use -Wno-unused-parameter
configure:5955: gcc -c -g -O2 -pipe -ffast-math -fvisibility=hidden -Wall -Wextra -Wno-sign-compare -Werror -Wunused-parameter  -DMAXCONN=16384 -I../common -DHAS_TLS conftest.c >&5
conftest.c: In function 'foo':
conftest.c:24:13: error: unused parameter 'bar' [-Werror=unused-parameter]
 int foo(int bar) { return 0; }
             ^
cc1: all warnings being treated as errors
configure:5955: $? = 1
configure: failed program was:
| /* confdefs.h */
| #define PACKAGE_NAME ""
| #define PACKAGE_TARNAME ""
| #define PACKAGE_VERSION ""
| #define PACKAGE_STRING ""
| #define PACKAGE_BUGREPORT ""
| #define PACKAGE_URL ""
| #define STDC_HEADERS 1
| #define HAVE_SYS_TYPES_H 1
| #define HAVE_SYS_STAT_H 1
| #define HAVE_STDLIB_H 1
| #define HAVE_STRING_H 1
| #define HAVE_MEMORY_H 1
| #define HAVE_STRINGS_H 1
| #define HAVE_INTTYPES_H 1
| #define HAVE_STDINT_H 1
| #define HAVE_UNISTD_H 1
| #define __EXTENSIONS__ 1
| #define _ALL_SOURCE 1
| #define _GNU_SOURCE 1
| #define _POSIX_PTHREAD_SEMANTICS 1
| #define _TANDEM_SOURCE 1
| /* end confdefs.h.  */
| int foo(int bar) { return 0; }
configure:5968: gcc -c -g -O2 -pipe -ffast-math -fvisibility=hidden -Wall -Wextra -Wno-sign-compare -Werror -Wno-unused-parameter  -DMAXCONN=16384 -I../common -DHAS_TLS conftest.c >&5
configure:5968: $? = 0
configure:5970: result: yes
configure:6011: checking whether gcc supports -Wno-clobbered
configure:6019: gcc -c -g -O2 -pipe -ffast-math -fvisibility=hidden -Wall -Wextra -Wno-sign-compare -Wno-unused-parameter -Werror -Wno-clobbered  -DMAXCONN=16384 -I../common -DHAS_TLS conftest.c >&5
configure:6019: $? = 0
configure:6029: gcc -c -g -O2 -pipe -ffast-math -fvisibility=hidden -Wall -Wextra -Wno-sign-compare -Wno-unused-parameter -Werror -Wclobbered  -DMAXCONN=16384 -I../common -DHAS_TLS conftest.c >&5
configure:6029: $? = 0
configure:6031: result: yes
configure:6099: checking whether gcc supports -Wempty-body
configure:6107: gcc -c -g -O2 -pipe -ffast-math -fvisibility=hidden -Wall -Wextra -Wno-sign-compare -Wno-unused-parameter -Wno-clobbered -Werror -Wempty-body  -DMAXCONN=16384 -I../common -DHAS_TLS conftest.c >&5
configure:6107: $? = 0
configure:6109: result: yes
configure:6148: checking whether gcc supports -Wnewline-eof
configure:6156: gcc -c -g -O2 -pipe -ffast-math -fvisibility=hidden -Wall -Wextra -Wno-sign-compare -Wno-unused-parameter -Wno-clobbered -Wempty-body -Werror -Wnewline-eof  -DMAXCONN=16384 -I../common -DHAS_TLS conftest.c >&5
gcc: error: unrecognized command line option '-Wnewline-eof'
configure:6156: $? = 1
configure: failed program was:
| /* confdefs.h */
| #define PACKAGE_NAME ""
| #define PACKAGE_TARNAME ""
| #define PACKAGE_VERSION ""
| #define PACKAGE_STRING ""
| #define PACKAGE_BUGREPORT ""
| #define PACKAGE_URL ""
| #define STDC_HEADERS 1
| #define HAVE_SYS_TYPES_H 1
| #define HAVE_SYS_STAT_H 1
| #define HAVE_STDLIB_H 1
| #define HAVE_STRING_H 1
| #define HAVE_MEMORY_H 1
| #define HAVE_STRINGS_H 1
| #define HAVE_INTTYPES_H 1
| #define HAVE_STDINT_H 1
| #define HAVE_UNISTD_H 1
| #define __EXTENSIONS__ 1
| #define _ALL_SOURCE 1
| #define _GNU_SOURCE 1
| #define _POSIX_PTHREAD_SEMANTICS 1
| #define _TANDEM_SOURCE 1
| /* end confdefs.h.  */
| int foo;
configure:6187: result: no
configure:6197: checking whether gcc supports -Wint-conversion
configure:6205: gcc -c -g -O2 -pipe -ffast-math -fvisibility=hidden -Wall -Wextra -Wno-sign-compare -Wno-unused-parameter -Wno-clobbered -Wempty-body -Werror -Wint-conversion  -DMAXCONN=16384 -I../common -DHAS_TLS conftest.c >&5
gcc: error: unrecognized command line option '-Wint-conversion'
configure:6205: $? = 1
configure: failed program was:
| /* confdefs.h */
| #define PACKAGE_NAME ""
| #define PACKAGE_TARNAME ""
| #define PACKAGE_VERSION ""
| #define PACKAGE_STRING ""
| #define PACKAGE_BUGREPORT ""
| #define PACKAGE_URL ""
| #define STDC_HEADERS 1
| #define HAVE_SYS_TYPES_H 1
| #define HAVE_SYS_STAT_H 1
| #define HAVE_STDLIB_H 1
| #define HAVE_STRING_H 1
| #define HAVE_MEMORY_H 1
| #define HAVE_STRINGS_H 1
| #define HAVE_INTTYPES_H 1
| #define HAVE_STDINT_H 1
| #define HAVE_UNISTD_H 1
| #define __EXTENSIONS__ 1
| #define _ALL_SOURCE 1
| #define _GNU_SOURCE 1
| #define _POSIX_PTHREAD_SEMANTICS 1
| #define _TANDEM_SOURCE 1
| /* end confdefs.h.  */
| int foo;
configure:6236: result: no
configure:6246: checking whether gcc supports -Wenum-conversion
configure:6254: gcc -c -g -O2 -pipe -ffast-math -fvisibility=hidden -Wall -Wextra -Wno-sign-compare -Wno-unused-parameter -Wno-clobbered -Wempty-body -Werror -Wenum-conversion  -DMAXCONN=16384 -I../common -DHAS_TLS conftest.c >&5
gcc: error: unrecognized command line option '-Wenum-conversion'
configure:6254: $? = 1
configure: failed program was:
| /* confdefs.h */
| #define PACKAGE_NAME ""
| #define PACKAGE_TARNAME ""
| #define PACKAGE_VERSION ""
| #define PACKAGE_STRING ""
| #define PACKAGE_BUGREPORT ""
| #define PACKAGE_URL ""
| #define STDC_HEADERS 1
| #define HAVE_SYS_TYPES_H 1
| #define HAVE_SYS_STAT_H 1
| #define HAVE_STDLIB_H 1
| #define HAVE_STRING_H 1
| #define HAVE_MEMORY_H 1
| #define HAVE_STRINGS_H 1
| #define HAVE_INTTYPES_H 1
| #define HAVE_STDINT_H 1
| #define HAVE_UNISTD_H 1
| #define __EXTENSIONS__ 1
| #define _ALL_SOURCE 1
| #define _GNU_SOURCE 1
| #define _POSIX_PTHREAD_SEMANTICS 1
| #define _TANDEM_SOURCE 1
| /* end confdefs.h.  */
| int foo;
configure:6285: result: no
configure:6295: checking whether gcc supports -Wshorten-64-to-32
configure:6303: gcc -c -g -O2 -pipe -ffast-math -fvisibility=hidden -Wall -Wextra -Wno-sign-compare -Wno-unused-parameter -Wno-clobbered -Wempty-body -Werror -Wshorten-64-to-32  -DMAXCONN=16384 -I../common -DHAS_TLS conftest.c >&5
gcc: error: unrecognized command line option '-Wshorten-64-to-32'
configure:6303: $? = 1
configure: failed program was:
| /* confdefs.h */
| #define PACKAGE_NAME ""
| #define PACKAGE_TARNAME ""
| #define PACKAGE_VERSION ""
| #define PACKAGE_STRING ""
| #define PACKAGE_BUGREPORT ""
| #define PACKAGE_URL ""
| #define STDC_HEADERS 1
| #define HAVE_SYS_TYPES_H 1
| #define HAVE_SYS_STAT_H 1
| #define HAVE_STDLIB_H 1
| #define HAVE_STRING_H 1
| #define HAVE_MEMORY_H 1
| #define HAVE_STRINGS_H 1
| #define HAVE_INTTYPES_H 1
| #define HAVE_STDINT_H 1
| #define HAVE_UNISTD_H 1
| #define __EXTENSIONS__ 1
| #define _ALL_SOURCE 1
| #define _GNU_SOURCE 1
| #define _POSIX_PTHREAD_SEMANTICS 1
| #define _TANDEM_SOURCE 1
| /* end confdefs.h.  */
| int foo;
configure:6334: result: no
configure:6344: checking whether gcc supports -Wconstant-conversion
configure:6352: gcc -c -g -O2 -pipe -ffast-math -fvisibility=hidden -Wall -Wextra -Wno-sign-compare -Wno-unused-parameter -Wno-clobbered -Wempty-body -Werror -Wconstant-conversion  -DMAXCONN=16384 -I../common -DHAS_TLS conftest.c >&5
gcc: error: unrecognized command line option '-Wconstant-conversion'
configure:6352: $? = 1
configure: failed program was:
| /* confdefs.h */
| #define PACKAGE_NAME ""
| #define PACKAGE_TARNAME ""
| #define PACKAGE_VERSION ""
| #define PACKAGE_STRING ""
| #define PACKAGE_BUGREPORT ""
| #define PACKAGE_URL ""
| #define STDC_HEADERS 1
| #define HAVE_SYS_TYPES_H 1
| #define HAVE_SYS_STAT_H 1
| #define HAVE_STDLIB_H 1
| #define HAVE_STRING_H 1
| #define HAVE_MEMORY_H 1
| #define HAVE_STRINGS_H 1
| #define HAVE_INTTYPES_H 1
| #define HAVE_STDINT_H 1
| #define HAVE_UNISTD_H 1
| #define __EXTENSIONS__ 1
| #define _ALL_SOURCE 1
| #define _GNU_SOURCE 1
| #define _POSIX_PTHREAD_SEMANTICS 1
| #define _TANDEM_SOURCE 1
| /* end confdefs.h.  */
| int foo;
configure:6383: result: no
configure:6393: checking whether gcc supports -Wbool-conversion
configure:6401: gcc -c -g -O2 -pipe -ffast-math -fvisibility=hidden -Wall -Wextra -Wno-sign-compare -Wno-unused-parameter -Wno-clobbered -Wempty-body -Werror -Wbool-conversion  -DMAXCONN=16384 -I../common -DHAS_TLS conftest.c >&5
gcc: error: unrecognized command line option '-Wbool-conversion'
configure:6401: $? = 1
configure: failed program was:
| /* confdefs.h */
| #define PACKAGE_NAME ""
| #define PACKAGE_TARNAME ""
| #define PACKAGE_VERSION ""
| #define PACKAGE_STRING ""
| #define PACKAGE_BUGREPORT ""
| #define PACKAGE_URL ""
| #define STDC_HEADERS 1
| #define HAVE_SYS_TYPES_H 1
| #define HAVE_SYS_STAT_H 1
| #define HAVE_STDLIB_H 1
| #define HAVE_STRING_H 1
| #define HAVE_MEMORY_H 1
| #define HAVE_STRINGS_H 1
| #define HAVE_INTTYPES_H 1
| #define HAVE_STDINT_H 1
| #define HAVE_UNISTD_H 1
| #define __EXTENSIONS__ 1
| #define _ALL_SOURCE 1
| #define _GNU_SOURCE 1
| #define _POSIX_PTHREAD_SEMANTICS 1
| #define _TANDEM_SOURCE 1
| /* end confdefs.h.  */
| int foo;
configure:6432: result: no
configure:6442: checking whether gcc supports -Wformat-security
configure:6450: gcc -c -g -O2 -pipe -ffast-math -fvisibility=hidden -Wall -Wextra -Wno-sign-compare -Wno-unused-parameter -Wno-clobbered -Wempty-body -Werror -Wformat-security  -DMAXCONN=16384 -I../common -DHAS_TLS conftest.c >&5
configure:6450: $? = 0
configure:6452: result: yes
configure:6491: checking whether gcc supports -Wno-format-nonliteral
configure:6499: gcc -c -g -O2 -pipe -ffast-math -fvisibility=hidden -Wall -Wextra -Wno-sign-compare -Wno-unused-parameter -Wno-clobbered -Wempty-body -Wformat-security -Werror -Wno-format-nonliteral  -DMAXCONN=16384 -I../common -DHAS_TLS conftest.c >&5
configure:6499: $? = 0
configure:6509: gcc -c -g -O2 -pipe -ffast-math -fvisibility=hidden -Wall -Wextra -Wno-sign-compare -Wno-unused-parameter -Wno-clobbered -Wempty-body -Wformat-security -Werror -Wformat-nonliteral  -DMAXCONN=16384 -I../common -DHAS_TLS conftest.c >&5
configure:6509: $? = 0
configure:6511: result: yes
configure:6579: checking whether gcc supports -Wno-switch
configure:6587: gcc -c -g -O2 -pipe -ffast-math -fvisibility=hidden -Wall -Wextra -Wno-sign-compare -Wno-unused-parameter -Wno-clobbered -Wempty-body -Wformat-security -Wno-format-nonliteral -Werror -Wno-switch  -DMAXCONN=16384 -I../common -DHAS_TLS conftest.c >&5
configure:6587: $? = 0
configure:6597: gcc -c -g -O2 -pipe -ffast-math -fvisibility=hidden -Wall -Wextra -Wno-sign-compare -Wno-unused-parameter -Wno-clobbered -Wempty-body -Wformat-security -Wno-format-nonliteral -Werror -Wswitch  -DMAXCONN=16384 -I../common -DHAS_TLS conftest.c >&5
configure:6597: $? = 0
configure:6599: result: yes
configure:6667: checking whether gcc supports -Wno-missing-field-initializers
configure:6675: gcc -c -g -O2 -pipe -ffast-math -fvisibility=hidden -Wall -Wextra -Wno-sign-compare -Wno-unused-parameter -Wno-clobbered -Wempty-body -Wformat-security -Wno-format-nonliteral -Wno-switch -Werror -Wno-missing-field-initializers  -DMAXCONN=16384 -I../common -DHAS_TLS conftest.c >&5
configure:6675: $? = 0
configure:6685: gcc -c -g -O2 -pipe -ffast-math -fvisibility=hidden -Wall -Wextra -Wno-sign-compare -Wno-unused-parameter -Wno-clobbered -Wempty-body -Wformat-security -Wno-format-nonliteral -Wno-switch -Werror -Wmissing-field-initializers  -DMAXCONN=16384 -I../common -DHAS_TLS conftest.c >&5
configure:6685: $? = 0
configure:6687: result: yes
configure:6760: checking whether gcc supports -Wshadow
configure:6768: gcc -c -g -O2 -pipe -ffast-math -fvisibility=hidden -Wall -Wextra -Wno-sign-compare -Wno-unused-parameter -Wno-clobbered -Wempty-body -Wformat-security -Wno-format-nonliteral -Wno-switch -Wno-missing-field-initializers -Werror -Wshadow  -DMAXCONN=16384 -I../common -DHAS_TLS conftest.c >&5
configure:6768: $? = 0
configure:6770: result: yes
configure:6809: checking whether gcc can efficiently use -Wshadow
configure:6825: gcc -c -g -O2 -pipe -ffast-math -fvisibility=hidden -Wall -Wextra -Wno-sign-compare -Wno-unused-parameter -Wno-clobbered -Wempty-body -Wformat-security -Wno-format-nonliteral -Wno-switch -Wno-missing-field-initializers -Wshadow -Werror -Wshadow  -DMAXCONN=16384 -I../common -DHAS_TLS conftest.c >&5
configure:6825: $? = 0
configure:6827: result: yes
configure:6842: checking whether gcc supports -fPIC
configure:6850: gcc -c -g -O2 -pipe -ffast-math -fvisibility=hidden -Wall -Wextra -Wno-sign-compare -Wno-unused-parameter -Wno-clobbered -Wempty-body -Wformat-security -Wno-format-nonliteral -Wno-switch -Wno-missing-field-initializers -Wshadow -fPIC  -DMAXCONN=16384 -I../common -DHAS_TLS conftest.c >&5
configure:6850: $? = 0
configure:6852: result: yes
configure:6869: checking how to make shared objects
configure:6888: gcc -o conftest -g -O2 -pipe -ffast-math -fvisibility=hidden -Wall -Wextra -Wno-sign-compare -Wno-unused-parameter -Wno-clobbered -Wempty-body -Wformat-security -Wno-format-nonliteral -Wno-switch -Wno-missing-field-initializers -Wshadow  -fPIC -shared  -DMAXCONN=16384 -I../common -DHAS_TLS  -rdynamic conftest.c  >&5
configure:6888: $? = 0
configure:6910: gcc -o conftest -g -O2 -pipe -ffast-math -fvisibility=hidden -Wall -Wextra -Wno-sign-compare -Wno-unused-parameter -Wno-clobbered -Wempty-body -Wformat-security -Wno-format-nonliteral -Wno-switch -Wno-missing-field-initializers -Wshadow  -fPIC -nostart  -DMAXCONN=16384 -I../common -DHAS_TLS  -rdynamic conftest.c  >&5
gcc: error: unrecognized command line option '-nostart'
configure:6910: $? = 1
configure: failed program was:
| /* confdefs.h */
| #define PACKAGE_NAME ""
| #define PACKAGE_TARNAME ""
| #define PACKAGE_VERSION ""
| #define PACKAGE_STRING ""
| #define PACKAGE_BUGREPORT ""
| #define PACKAGE_URL ""
| #define STDC_HEADERS 1
| #define HAVE_SYS_TYPES_H 1
| #define HAVE_SYS_STAT_H 1
| #define HAVE_STDLIB_H 1
| #define HAVE_STRING_H 1
| #define HAVE_MEMORY_H 1
| #define HAVE_STRINGS_H 1
| #define HAVE_INTTYPES_H 1
| #define HAVE_STDINT_H 1
| #define HAVE_UNISTD_H 1
| #define __EXTENSIONS__ 1
| #define _ALL_SOURCE 1
| #define _GNU_SOURCE 1
| #define _POSIX_PTHREAD_SEMANTICS 1
| #define _TANDEM_SOURCE 1
| /* end confdefs.h.  */
| 
| 		int bar = 0;
| 
| 		int foo(void)
| 		{
| 			return bar;
| 		}
| 
configure:6927: result: -shared yes
configure:6936: checking whether gcc needs -Wl,--no-undefined to check for undefined references in shared objects
configure:6948: gcc -o conftest  -fPIC -shared  -DMAXCONN=16384 -I../common -DHAS_TLS  -rdynamic conftest.c  >&5
configure:6948: $? = 0
configure:6961: gcc -o conftest  -fPIC -shared -Wl,--no-undefined  -DMAXCONN=16384 -I../common -DHAS_TLS  -rdynamic conftest.c  >&5
configure:6961: $? = 0
configure:6963: result: yes
configure:6996: checking whether gcc supports -fno-strict-aliasing
configure:7004: gcc -c -g -O2 -pipe -ffast-math -fvisibility=hidden -Wall -Wextra -Wno-sign-compare -Wno-unused-parameter -Wno-clobbered -Wempty-body -Wformat-security -Wno-format-nonliteral -Wno-switch -Wno-missing-field-initializers -Wshadow -fno-strict-aliasing  -DMAXCONN=16384 -I../common -DHAS_TLS conftest.c >&5
configure:7004: $? = 0
configure:7005: result: yes
configure:7026: checking for setrlimit
configure:7026: gcc -o conftest -g -O2 -pipe -ffast-math -fvisibility=hidden -Wall -Wextra -Wno-sign-compare -Wno-unused-parameter -Wno-clobbered -Wempty-body -Wformat-security -Wno-format-nonliteral -Wno-switch -Wno-missing-field-initializers -Wshadow -fno-strict-aliasing  -DMAXCONN=16384 -I../common -DHAS_TLS  -rdynamic conftest.c  >&5
configure:7026: $? = 0
configure:7026: result: yes
configure:7036: checking for strnlen
configure:7036: gcc -o conftest -g -O2 -pipe -ffast-math -fvisibility=hidden -Wall -Wextra -Wno-sign-compare -Wno-unused-parameter -Wno-clobbered -Wempty-body -Wformat-security -Wno-format-nonliteral -Wno-switch -Wno-missing-field-initializers -Wshadow -fno-strict-aliasing  -DMAXCONN=16384 -I../common -DHAS_TLS -DHAVE_SETRLIMIT  -rdynamic conftest.c  >&5
configure:7036: $? = 0
configure:7036: result: yes
configure:7045: checking for uselocale
configure:7045: gcc -o conftest -g -O2 -pipe -ffast-math -fvisibility=hidden -Wall -Wextra -Wno-sign-compare -Wno-unused-parameter -Wno-clobbered -Wempty-body -Wformat-security -Wno-format-nonliteral -Wno-switch -Wno-missing-field-initializers -Wshadow -fno-strict-aliasing  -DMAXCONN=16384 -I../common -DHAS_TLS -DHAVE_SETRLIMIT -DHAVE_STRNLEN  -rdynamic conftest.c  >&5
configure:7045: $? = 0
configure:7045: result: yes
configure:7056: checking for newlocale
configure:7056: gcc -o conftest -g -O2 -pipe -ffast-math -fvisibility=hidden -Wall -Wextra -Wno-sign-compare -Wno-unused-parameter -Wno-clobbered -Wempty-body -Wformat-security -Wno-format-nonliteral -Wno-switch -Wno-missing-field-initializers -Wshadow -fno-strict-aliasing  -DMAXCONN=16384 -I../common -DHAS_TLS -DHAVE_SETRLIMIT -DHAVE_STRNLEN  -rdynamic conftest.c  >&5
configure:7056: $? = 0
configure:7056: result: yes
configure:7067: checking for freelocale
configure:7067: gcc -o conftest -g -O2 -pipe -ffast-math -fvisibility=hidden -Wall -Wextra -Wno-sign-compare -Wno-unused-parameter -Wno-clobbered -Wempty-body -Wformat-security -Wno-format-nonliteral -Wno-switch -Wno-missing-field-initializers -Wshadow -fno-strict-aliasing  -DMAXCONN=16384 -I../common -DHAS_TLS -DHAVE_SETRLIMIT -DHAVE_STRNLEN  -rdynamic conftest.c  >&5
configure:7067: $? = 0
configure:7067: result: yes
configure:7078: checking xlocale.h usability
configure:7078: gcc -c -g -O2 -pipe -ffast-math -fvisibility=hidden -Wall -Wextra -Wno-sign-compare -Wno-unused-parameter -Wno-clobbered -Wempty-body -Wformat-security -Wno-format-nonliteral -Wno-switch -Wno-missing-field-initializers -Wshadow -fno-strict-aliasing  -DMAXCONN=16384 -I../common -DHAS_TLS -DHAVE_SETRLIMIT -DHAVE_STRNLEN conftest.c >&5
configure:7078: $? = 0
configure:7078: result: yes
configure:7078: checking xlocale.h presence
configure:7078: gcc -E  -DMAXCONN=16384 -I../common -DHAS_TLS -DHAVE_SETRLIMIT -DHAVE_STRNLEN conftest.c
configure:7078: $? = 0
configure:7078: result: yes
configure:7078: checking for xlocale.h
configure:7078: result: yes
configure:7237: checking host OS
configure:7240: result: Linux
configure:7268: checking for MinGW
configure:7279: result: no
configure:7292: checking for library containing inflateEnd
configure:7323: gcc -o conftest -g -O2 -pipe -ffast-math -fvisibility=hidden -Wall -Wextra -Wno-sign-compare -Wno-unused-parameter -Wno-clobbered -Wempty-body -Wformat-security -Wno-format-nonliteral -Wno-switch -Wno-missing-field-initializers -Wshadow -fno-strict-aliasing  -DMAXCONN=16384 -I../common -DHAS_TLS -DHAVE_SETRLIMIT -DHAVE_STRNLEN -I/usr/include  -rdynamic -L/usr/lib conftest.c  -ldl >&5
/tmp/ccFb84NU.o: In function `main':
/home/ubuntu/hercules/Hercules/conftest.c:39: undefined reference to `inflateEnd'
collect2: error: ld returned 1 exit status
configure:7323: $? = 1
configure: failed program was:
| /* confdefs.h */
| #define PACKAGE_NAME ""
| #define PACKAGE_TARNAME ""
| #define PACKAGE_VERSION ""
| #define PACKAGE_STRING ""
| #define PACKAGE_BUGREPORT ""
| #define PACKAGE_URL ""
| #define STDC_HEADERS 1
| #define HAVE_SYS_TYPES_H 1
| #define HAVE_SYS_STAT_H 1
| #define HAVE_STDLIB_H 1
| #define HAVE_STRING_H 1
| #define HAVE_MEMORY_H 1
| #define HAVE_STRINGS_H 1
| #define HAVE_INTTYPES_H 1
| #define HAVE_STDINT_H 1
| #define HAVE_UNISTD_H 1
| #define __EXTENSIONS__ 1
| #define _ALL_SOURCE 1
| #define _GNU_SOURCE 1
| #define _POSIX_PTHREAD_SEMANTICS 1
| #define _TANDEM_SOURCE 1
| #define HAVE_USELOCALE 1
| #define HAVE_NEWLOCALE 1
| #define HAVE_FREELOCALE 1
| #define HAVE_XLOCALE_H 1
| /* end confdefs.h.  */
| 
| /* Override any GCC internal prototype to avoid an error.
|    Use char because int might match the return type of a GCC
|    builtin and then its argument prototype would still apply.  */
| #ifdef __cplusplus
| extern "C"
| #endif
| char inflateEnd ();
| int
| main ()
| {
| return inflateEnd ();
|   ;
|   return 0;
| }
configure:7323: gcc -o conftest -g -O2 -pipe -ffast-math -fvisibility=hidden -Wall -Wextra -Wno-sign-compare -Wno-unused-parameter -Wno-clobbered -Wempty-body -Wformat-security -Wno-format-nonliteral -Wno-switch -Wno-missing-field-initializers -Wshadow -fno-strict-aliasing  -DMAXCONN=16384 -I../common -DHAS_TLS -DHAVE_SETRLIMIT -DHAVE_STRNLEN -I/usr/include  -rdynamic -L/usr/lib conftest.c -lz   -ldl >&5
configure:7323: $? = 0
configure:7340: result: -lz
configure:7350: checking zlib.h usability
configure:7350: gcc -c -g -O2 -pipe -ffast-math -fvisibility=hidden -Wall -Wextra -Wno-sign-compare -Wno-unused-parameter -Wno-clobbered -Wempty-body -Wformat-security -Wno-format-nonliteral -Wno-switch -Wno-missing-field-initializers -Wshadow -fno-strict-aliasing  -DMAXCONN=16384 -I../common -DHAS_TLS -DHAVE_SETRLIMIT -DHAVE_STRNLEN -I/usr/include conftest.c >&5
configure:7350: $? = 0
configure:7350: result: yes
configure:7350: checking zlib.h presence
configure:7350: gcc -E  -DMAXCONN=16384 -I../common -DHAS_TLS -DHAVE_SETRLIMIT -DHAVE_STRNLEN -I/usr/include conftest.c
configure:7350: $? = 0
configure:7350: result: yes
configure:7350: checking for zlib.h
configure:7350: result: yes
configure:7363: checking for library containing sqrt
configure:7394: gcc -o conftest -g -O2 -pipe -ffast-math -fvisibility=hidden -Wall -Wextra -Wno-sign-compare -Wno-unused-parameter -Wno-clobbered -Wempty-body -Wformat-security -Wno-format-nonliteral -Wno-switch -Wno-missing-field-initializers -Wshadow -fno-strict-aliasing  -DMAXCONN=16384 -I../common -DHAS_TLS -DHAVE_SETRLIMIT -DHAVE_STRNLEN -I/usr/include  -rdynamic -L/usr/lib conftest.c -lz  -ldl >&5
conftest.c:35:6: warning: conflicting types for built-in function 'sqrt' [enabled by default]
 char sqrt ();
      ^
/tmp/ccOrXue4.o: In function `main':
/home/ubuntu/hercules/Hercules/conftest.c:39: undefined reference to `sqrt'
collect2: error: ld returned 1 exit status
configure:7394: $? = 1
configure: failed program was:
| /* confdefs.h */
| #define PACKAGE_NAME ""
| #define PACKAGE_TARNAME ""
| #define PACKAGE_VERSION ""
| #define PACKAGE_STRING ""
| #define PACKAGE_BUGREPORT ""
| #define PACKAGE_URL ""
| #define STDC_HEADERS 1
| #define HAVE_SYS_TYPES_H 1
| #define HAVE_SYS_STAT_H 1
| #define HAVE_STDLIB_H 1
| #define HAVE_STRING_H 1
| #define HAVE_MEMORY_H 1
| #define HAVE_STRINGS_H 1
| #define HAVE_INTTYPES_H 1
| #define HAVE_STDINT_H 1
| #define HAVE_UNISTD_H 1
| #define __EXTENSIONS__ 1
| #define _ALL_SOURCE 1
| #define _GNU_SOURCE 1
| #define _POSIX_PTHREAD_SEMANTICS 1
| #define _TANDEM_SOURCE 1
| #define HAVE_USELOCALE 1
| #define HAVE_NEWLOCALE 1
| #define HAVE_FREELOCALE 1
| #define HAVE_XLOCALE_H 1
| /* end confdefs.h.  */
| 
| /* Override any GCC internal prototype to avoid an error.
|    Use char because int might match the return type of a GCC
|    builtin and then its argument prototype would still apply.  */
| #ifdef __cplusplus
| extern "C"
| #endif
| char sqrt ();
| int
| main ()
| {
| return sqrt ();
|   ;
|   return 0;
| }
configure:7394: gcc -o conftest -g -O2 -pipe -ffast-math -fvisibility=hidden -Wall -Wextra -Wno-sign-compare -Wno-unused-parameter -Wno-clobbered -Wempty-body -Wformat-security -Wno-format-nonliteral -Wno-switch -Wno-missing-field-initializers -Wshadow -fno-strict-aliasing  -DMAXCONN=16384 -I../common -DHAS_TLS -DHAVE_SETRLIMIT -DHAVE_STRNLEN -I/usr/include  -rdynamic -L/usr/lib conftest.c -lm  -lz  -ldl >&5
conftest.c:35:6: warning: conflicting types for built-in function 'sqrt' [enabled by default]
 char sqrt ();
      ^
configure:7394: $? = 0
configure:7411: result: -lm
configure:7426: checking for library containing clock_gettime
configure:7457: gcc -o conftest -g -O2 -pipe -ffast-math -fvisibility=hidden -Wall -Wextra -Wno-sign-compare -Wno-unused-parameter -Wno-clobbered -Wempty-body -Wformat-security -Wno-format-nonliteral -Wno-switch -Wno-missing-field-initializers -Wshadow -fno-strict-aliasing  -DMAXCONN=16384 -I../common -DHAS_TLS -DHAVE_SETRLIMIT -DHAVE_STRNLEN -I/usr/include  -rdynamic -L/usr/lib conftest.c -lm -lz  -ldl >&5
configure:7457: $? = 0
configure:7474: result: none required
configure:7493: checking whether CLOCK_MONOTONIC is supported and works
configure:7516: gcc -o conftest -g -O2 -pipe -ffast-math -fvisibility=hidden -Wall -Wextra -Wno-sign-compare -Wno-unused-parameter -Wno-clobbered -Wempty-body -Wformat-security -Wno-format-nonliteral -Wno-switch -Wno-missing-field-initializers -Wshadow -fno-strict-aliasing  -DMAXCONN=16384 -I../common -DHAS_TLS -DHAVE_SETRLIMIT -DHAVE_STRNLEN -I/usr/include  -rdynamic -L/usr/lib conftest.c -lm -lz  -ldl >&5
configure:7516: $? = 0
configure:7516: ./conftest
configure:7516: $? = 0
configure:7518: result: yes
configure:7540: checking for library containing pthread_create
configure:7571: gcc -o conftest -g -O2 -pipe -ffast-math -fvisibility=hidden -Wall -Wextra -Wno-sign-compare -Wno-unused-parameter -Wno-clobbered -Wempty-body -Wformat-security -Wno-format-nonliteral -Wno-switch -Wno-missing-field-initializers -Wshadow -fno-strict-aliasing  -DMAXCONN=16384 -I../common -DHAS_TLS -DHAVE_SETRLIMIT -DHAVE_STRNLEN -I/usr/include -DHAVE_MONOTONIC_CLOCK  -rdynamic -L/usr/lib conftest.c -lm -lz  -ldl >&5
/tmp/ccwZ19Be.o: In function `main':
/home/ubuntu/hercules/Hercules/conftest.c:39: undefined reference to `pthread_create'
collect2: error: ld returned 1 exit status
configure:7571: $? = 1
configure: failed program was:
| /* confdefs.h */
| #define PACKAGE_NAME ""
| #define PACKAGE_TARNAME ""
| #define PACKAGE_VERSION ""
| #define PACKAGE_STRING ""
| #define PACKAGE_BUGREPORT ""
| #define PACKAGE_URL ""
| #define STDC_HEADERS 1
| #define HAVE_SYS_TYPES_H 1
| #define HAVE_SYS_STAT_H 1
| #define HAVE_STDLIB_H 1
| #define HAVE_STRING_H 1
| #define HAVE_MEMORY_H 1
| #define HAVE_STRINGS_H 1
| #define HAVE_INTTYPES_H 1
| #define HAVE_STDINT_H 1
| #define HAVE_UNISTD_H 1
| #define __EXTENSIONS__ 1
| #define _ALL_SOURCE 1
| #define _GNU_SOURCE 1
| #define _POSIX_PTHREAD_SEMANTICS 1
| #define _TANDEM_SOURCE 1
| #define HAVE_USELOCALE 1
| #define HAVE_NEWLOCALE 1
| #define HAVE_FREELOCALE 1
| #define HAVE_XLOCALE_H 1
| /* end confdefs.h.  */
| 
| /* Override any GCC internal prototype to avoid an error.
|    Use char because int might match the return type of a GCC
|    builtin and then its argument prototype would still apply.  */
| #ifdef __cplusplus
| extern "C"
| #endif
| char pthread_create ();
| int
| main ()
| {
| return pthread_create ();
|   ;
|   return 0;
| }
configure:7571: gcc -o conftest -g -O2 -pipe -ffast-math -fvisibility=hidden -Wall -Wextra -Wno-sign-compare -Wno-unused-parameter -Wno-clobbered -Wempty-body -Wformat-security -Wno-format-nonliteral -Wno-switch -Wno-missing-field-initializers -Wshadow -fno-strict-aliasing  -DMAXCONN=16384 -I../common -DHAS_TLS -DHAVE_SETRLIMIT -DHAVE_STRNLEN -I/usr/include -DHAVE_MONOTONIC_CLOCK  -rdynamic -L/usr/lib conftest.c -lpthread  -lm -lz  -ldl >&5
configure:7571: $? = 0
configure:7588: result: -lpthread
configure:7598: checking for library containing pthread_sigmask
configure:7629: gcc -o conftest -g -O2 -pipe -ffast-math -fvisibility=hidden -Wall -Wextra -Wno-sign-compare -Wno-unused-parameter -Wno-clobbered -Wempty-body -Wformat-security -Wno-format-nonliteral -Wno-switch -Wno-missing-field-initializers -Wshadow -fno-strict-aliasing  -DMAXCONN=16384 -I../common -DHAS_TLS -DHAVE_SETRLIMIT -DHAVE_STRNLEN -I/usr/include -DHAVE_MONOTONIC_CLOCK  -rdynamic -L/usr/lib conftest.c -lpthread -lm -lz  -ldl >&5
configure:7629: $? = 0
configure:7646: result: none required
configure:7656: checking for library containing pthread_attr_init
configure:7687: gcc -o conftest -g -O2 -pipe -ffast-math -fvisibility=hidden -Wall -Wextra -Wno-sign-compare -Wno-unused-parameter -Wno-clobbered -Wempty-body -Wformat-security -Wno-format-nonliteral -Wno-switch -Wno-missing-field-initializers -Wshadow -fno-strict-aliasing  -DMAXCONN=16384 -I../common -DHAS_TLS -DHAVE_SETRLIMIT -DHAVE_STRNLEN -I/usr/include -DHAVE_MONOTONIC_CLOCK  -rdynamic -L/usr/lib conftest.c -lpthread -lm -lz  -ldl >&5
configure:7687: $? = 0
configure:7704: result: none required
configure:7714: checking for library containing pthread_attr_setstacksize
configure:7745: gcc -o conftest -g -O2 -pipe -ffast-math -fvisibility=hidden -Wall -Wextra -Wno-sign-compare -Wno-unused-parameter -Wno-clobbered -Wempty-body -Wformat-security -Wno-format-nonliteral -Wno-switch -Wno-missing-field-initializers -Wshadow -fno-strict-aliasing  -DMAXCONN=16384 -I../common -DHAS_TLS -DHAVE_SETRLIMIT -DHAVE_STRNLEN -I/usr/include -DHAVE_MONOTONIC_CLOCK  -rdynamic -L/usr/lib conftest.c -lpthread -lm -lz  -ldl >&5
configure:7745: $? = 0
configure:7762: result: none required
configure:7772: checking for library containing pthread_attr_destroy
configure:7803: gcc -o conftest -g -O2 -pipe -ffast-math -fvisibility=hidden -Wall -Wextra -Wno-sign-compare -Wno-unused-parameter -Wno-clobbered -Wempty-body -Wformat-security -Wno-format-nonliteral -Wno-switch -Wno-missing-field-initializers -Wshadow -fno-strict-aliasing  -DMAXCONN=16384 -I../common -DHAS_TLS -DHAVE_SETRLIMIT -DHAVE_STRNLEN -I/usr/include -DHAVE_MONOTONIC_CLOCK  -rdynamic -L/usr/lib conftest.c -lpthread -lm -lz  -ldl >&5
configure:7803: $? = 0
configure:7820: result: none required
configure:7830: checking for library containing pthread_cancel
configure:7861: gcc -o conftest -g -O2 -pipe -ffast-math -fvisibility=hidden -Wall -Wextra -Wno-sign-compare -Wno-unused-parameter -Wno-clobbered -Wempty-body -Wformat-security -Wno-format-nonliteral -Wno-switch -Wno-missing-field-initializers -Wshadow -fno-strict-aliasing  -DMAXCONN=16384 -I../common -DHAS_TLS -DHAVE_SETRLIMIT -DHAVE_STRNLEN -I/usr/include -DHAVE_MONOTONIC_CLOCK  -rdynamic -L/usr/lib conftest.c -lpthread -lm -lz  -ldl >&5
configure:7861: $? = 0
configure:7878: result: none required
configure:7888: checking for library containing pthread_join
configure:7919: gcc -o conftest -g -O2 -pipe -ffast-math -fvisibility=hidden -Wall -Wextra -Wno-sign-compare -Wno-unused-parameter -Wno-clobbered -Wempty-body -Wformat-security -Wno-format-nonliteral -Wno-switch -Wno-missing-field-initializers -Wshadow -fno-strict-aliasing  -DMAXCONN=16384 -I../common -DHAS_TLS -DHAVE_SETRLIMIT -DHAVE_STRNLEN -I/usr/include -DHAVE_MONOTONIC_CLOCK  -rdynamic -L/usr/lib conftest.c -lpthread -lm -lz  -ldl >&5
configure:7919: $? = 0
configure:7936: result: none required
configure:7950: checking execinfo.h usability
configure:7950: gcc -c -g -O2 -pipe -ffast-math -fvisibility=hidden -Wall -Wextra -Wno-sign-compare -Wno-unused-parameter -Wno-clobbered -Wempty-body -Wformat-security -Wno-format-nonliteral -Wno-switch -Wno-missing-field-initializers -Wshadow -fno-strict-aliasing  -DMAXCONN=16384 -I../common -DHAS_TLS -DHAVE_SETRLIMIT -DHAVE_STRNLEN -I/usr/include -DHAVE_MONOTONIC_CLOCK conftest.c >&5
configure:7950: $? = 0
configure:7950: result: yes
configure:7950: checking execinfo.h presence
configure:7950: gcc -E  -DMAXCONN=16384 -I../common -DHAS_TLS -DHAVE_SETRLIMIT -DHAVE_STRNLEN -I/usr/include -DHAVE_MONOTONIC_CLOCK conftest.c
configure:7950: $? = 0
configure:7950: result: yes
configure:7950: checking for execinfo.h
configure:7950: result: yes
configure:7956: checking for library containing backtrace
configure:7987: gcc -o conftest -g -O2 -pipe -ffast-math -fvisibility=hidden -Wall -Wextra -Wno-sign-compare -Wno-unused-parameter -Wno-clobbered -Wempty-body -Wformat-security -Wno-format-nonliteral -Wno-switch -Wno-missing-field-initializers -Wshadow -fno-strict-aliasing  -DMAXCONN=16384 -I../common -DHAS_TLS -DHAVE_SETRLIMIT -DHAVE_STRNLEN -I/usr/include -DHAVE_MONOTONIC_CLOCK  -rdynamic -L/usr/lib conftest.c -lpthread -lm -lz  -ldl >&5
configure:7987: $? = 0
configure:8004: result: none required
configure:8027: checking for mysql_config
configure:8045: found /usr/bin/mysql_config
configure:8058: result: /usr/bin/mysql_config
configure:8082: checking for mysql_init
configure:8082: gcc -o conftest -g -O2 -pipe -ffast-math -fvisibility=hidden -Wall -Wextra -Wno-sign-compare -Wno-unused-parameter -Wno-clobbered -Wempty-body -Wformat-security -Wno-format-nonliteral -Wno-switch -Wno-missing-field-initializers -Wshadow -fno-strict-aliasing -DHAVE_EXECINFO  -DMAXCONN=16384 -I../common -DHAS_TLS -DHAVE_SETRLIMIT -DHAVE_STRNLEN -I/usr/include -DHAVE_MONOTONIC_CLOCK -I/usr/include/mysql  -rdynamic -L/usr/lib conftest.c -lpthread -lm -lz  -ldl -L/usr/lib/x86_64-linux-gnu -lmysqlclient -lpthread -lz -lm -ldl >&5
configure:8082: $? = 0
configure:8082: result: yes
configure:8087: checking mysql.h usability
configure:8087: gcc -c -g -O2 -pipe -ffast-math -fvisibility=hidden -Wall -Wextra -Wno-sign-compare -Wno-unused-parameter -Wno-clobbered -Wempty-body -Wformat-security -Wno-format-nonliteral -Wno-switch -Wno-missing-field-initializers -Wshadow -fno-strict-aliasing -DHAVE_EXECINFO  -DMAXCONN=16384 -I../common -DHAS_TLS -DHAVE_SETRLIMIT -DHAVE_STRNLEN -I/usr/include -DHAVE_MONOTONIC_CLOCK -I/usr/include/mysql conftest.c >&5
configure:8087: $? = 0
configure:8087: result: yes
configure:8087: checking mysql.h presence
configure:8087: gcc -E  -DMAXCONN=16384 -I../common -DHAS_TLS -DHAVE_SETRLIMIT -DHAVE_STRNLEN -I/usr/include -DHAVE_MONOTONIC_CLOCK -I/usr/include/mysql conftest.c
configure:8087: $? = 0
configure:8087: result: yes
configure:8087: checking for mysql.h
configure:8087: result: yes
configure:8098: checking MySQL library (required)
configure:8101: result: yes (5.5.46)
configure:8127: checking for pcre_study in -lpcre
configure:8152: gcc -o conftest -g -O2 -pipe -ffast-math -fvisibility=hidden -Wall -Wextra -Wno-sign-compare -Wno-unused-parameter -Wno-clobbered -Wempty-body -Wformat-security -Wno-format-nonliteral -Wno-switch -Wno-missing-field-initializers -Wshadow -fno-strict-aliasing -DHAVE_EXECINFO  -DMAXCONN=16384 -I../common -DHAS_TLS -DHAVE_SETRLIMIT -DHAVE_STRNLEN -I/usr/include -DHAVE_MONOTONIC_CLOCK  -rdynamic -L/usr/lib conftest.c -lpcre  -lpthread -lm -lz  -ldl >&5
configure:8152: $? = 0
configure:8161: result: yes
configure:8220: checking PCRE library (optional)
configure:8223: result: yes
configure:8348: checking for doxygen
configure:8376: result: no
configure:8387: checking for perl
configure:8403: found /usr/bin/perl
configure:8415: result: yes
configure:8576: creating ./config.status

## ---------------------- ##
## Running config.status. ##
## ---------------------- ##

This file was extended by config.status, which was
generated by GNU Autoconf 2.69.  Invocation command line was

  CONFIG_FILES    = 
  CONFIG_HEADERS  = 
  CONFIG_LINKS    = 
  CONFIG_COMMANDS = 
  $ ./config.status 

on ip-172-31-1-92

config.status:752: creating Makefile
config.status:752: creating src/common/Makefile
config.status:752: creating 3rdparty/mt19937ar/Makefile
config.status:752: creating 3rdparty/libconfig/Makefile
config.status:752: creating src/char/Makefile
config.status:752: creating src/login/Makefile
config.status:752: creating src/map/Makefile
config.status:752: creating src/plugins/Makefile
config.status:752: creating src/tool/Makefile
config.status:752: creating src/test/Makefile
config.status:752: creating tools/HPMHookGen/Makefile

## ---------------- ##
## Cache variables. ##
## ---------------- ##

ac_cv_c_bigendian=no
ac_cv_c_compiler_gnu=yes
ac_cv_env_CC_set=
ac_cv_env_CC_value=
ac_cv_env_CFLAGS_set=
ac_cv_env_CFLAGS_value=
ac_cv_env_CPPFLAGS_set=
ac_cv_env_CPPFLAGS_value=
ac_cv_env_CPP_set=
ac_cv_env_CPP_value=
ac_cv_env_LDFLAGS_set=
ac_cv_env_LDFLAGS_value=
ac_cv_env_LIBS_set=
ac_cv_env_LIBS_value=
ac_cv_env_build_alias_set=
ac_cv_env_build_alias_value=
ac_cv_env_host_alias_set=
ac_cv_env_host_alias_value=
ac_cv_env_target_alias_set=
ac_cv_env_target_alias_value=
ac_cv_func_freelocale=yes
ac_cv_func_mysql_init=yes
ac_cv_func_newlocale=yes
ac_cv_func_setrlimit=yes
ac_cv_func_strnlen=yes
ac_cv_func_uselocale=yes
ac_cv_header_execinfo_h=yes
ac_cv_header_inttypes_h=yes
ac_cv_header_memory_h=yes
ac_cv_header_minix_config_h=no
ac_cv_header_mysql_h=yes
ac_cv_header_stdc=yes
ac_cv_header_stdint_h=yes
ac_cv_header_stdlib_h=yes
ac_cv_header_string_h=yes
ac_cv_header_strings_h=yes
ac_cv_header_sys_stat_h=yes
ac_cv_header_sys_types_h=yes
ac_cv_header_unistd_h=yes
ac_cv_header_xlocale_h=yes
ac_cv_header_zlib_h=yes
ac_cv_lib_pcre_pcre_study=yes
ac_cv_objext=o
ac_cv_path_AR=/usr/bin/ar
ac_cv_path_EGREP='/bin/grep -E'
ac_cv_path_GREP=/bin/grep
ac_cv_path_MYSQL_CONFIG_HOME=/usr/bin/mysql_config
ac_cv_prog_CPP='gcc -E'
ac_cv_prog_HAVE_DOXYGEN=no
ac_cv_prog_HAVE_PERL=yes
ac_cv_prog_ac_ct_CC=gcc
ac_cv_prog_cc_c89=
ac_cv_prog_cc_g=yes
ac_cv_prog_make_make_set=yes
ac_cv_safe_to_define___extensions__=yes
ac_cv_search_backtrace='none required'
ac_cv_search_clock_gettime='none required'
ac_cv_search_inflateEnd=-lz
ac_cv_search_pthread_attr_destroy='none required'
ac_cv_search_pthread_attr_init='none required'
ac_cv_search_pthread_attr_setstacksize='none required'
ac_cv_search_pthread_cancel='none required'
ac_cv_search_pthread_create=-lpthread
ac_cv_search_pthread_join='none required'
ac_cv_search_pthread_sigmask='none required'
ac_cv_search_sqrt=-lm

## ----------------- ##
## Output variables. ##
## ----------------- ##

AR='/usr/bin/ar'
CC='gcc'
CFLAGS='-g -O2 -pipe -ffast-math -fvisibility=hidden -Wall -Wextra -Wno-sign-compare -Wno-unused-parameter -Wno-clobbered -Wempty-body -Wformat-security -Wno-format-nonliteral -Wno-switch -Wno-missing-field-initializers -Wshadow -fno-strict-aliasing -DHAVE_EXECINFO'
CPP='gcc -E'
CPPFLAGS=' -DMAXCONN=16384 -I../common -DHAS_TLS -DHAVE_SETRLIMIT -DHAVE_STRNLEN -I/usr/include -DHAVE_MONOTONIC_CLOCK'
DEFS='-DPACKAGE_NAME=\"\" -DPACKAGE_TARNAME=\"\" -DPACKAGE_VERSION=\"\" -DPACKAGE_STRING=\"\" -DPACKAGE_BUGREPORT=\"\" -DPACKAGE_URL=\"\" -DSTDC_HEADERS=1 -DHAVE_SYS_TYPES_H=1 -DHAVE_SYS_STAT_H=1 -DHAVE_STDLIB_H=1 -DHAVE_STRING_H=1 -DHAVE_MEMORY_H=1 -DHAVE_STRINGS_H=1 -DHAVE_INTTYPES_H=1 -DHAVE_STDINT_H=1 -DHAVE_UNISTD_H=1 -D__EXTENSIONS__=1 -D_ALL_SOURCE=1 -D_GNU_SOURCE=1 -D_POSIX_PTHREAD_SEMANTICS=1 -D_TANDEM_SOURCE=1 -DHAVE_USELOCALE=1 -DHAVE_NEWLOCALE=1 -DHAVE_FREELOCALE=1 -DHAVE_XLOCALE_H=1 -DHAVE_EXECINFO_H=1'
DLLEXT='.so'
ECHO_C=''
ECHO_N='-n'
ECHO_T=''
EGREP='/bin/grep -E'
EXEEXT=''
GREP='/bin/grep'
HAVE_DOXYGEN='no'
HAVE_MYSQL='yes'
HAVE_PCRE='yes'
HAVE_PERL='yes'
LDFLAGS=' -rdynamic -L/usr/lib'
LIBOBJS=''
LIBS='-lpthread -lm -lz  -ldl'
LTLIBOBJS=''
MYSQL_CFLAGS='-I/usr/include/mysql'
MYSQL_CONFIG_HOME='/usr/bin/mysql_config'
MYSQL_LIBS='-L/usr/lib/x86_64-linux-gnu -lmysqlclient -lpthread -lz -lm -ldl'
MYSQL_VERSION='5.5.46'
OBJEXT='o'
PACKAGE_BUGREPORT=''
PACKAGE_NAME=''
PACKAGE_STRING=''
PACKAGE_TARNAME=''
PACKAGE_URL=''
PACKAGE_VERSION=''
PATH_SEPARATOR=':'
PCRE_CFLAGS=''
PCRE_LIBS='-lpcre'
PLUGINSTATIC=''
SET_MAKE=''
SHELL='/bin/bash'
SOFLAGS=' -fPIC -shared -Wl,--no-undefined'
STATIC=''
WITH_PLUGINS='yes'
ac_ct_CC='gcc'
bindir='${exec_prefix}/bin'
build_alias=''
datadir='${datarootdir}'
datarootdir='${prefix}/share'
docdir='${datarootdir}/doc/${PACKAGE}'
dvidir='${docdir}'
exec_prefix='${prefix}'
host_alias=''
htmldir='${docdir}'
includedir='${prefix}/include'
infodir='${datarootdir}/info'
libdir='${exec_prefix}/lib'
libexecdir='${exec_prefix}/libexec'
localedir='${datarootdir}/locale'
localstatedir='${prefix}/var'
mandir='${datarootdir}/man'
oldincludedir='/usr/include'
pdfdir='${docdir}'
prefix='/usr/local'
program_transform_name='s,x,x,'
psdir='${docdir}'
sbindir='${exec_prefix}/sbin'
sharedstatedir='${prefix}/com'
sysconfdir='${prefix}/etc'
target_alias=''

## ----------- ##
## confdefs.h. ##
## ----------- ##

/* confdefs.h */
#define PACKAGE_NAME ""
#define PACKAGE_TARNAME ""
#define PACKAGE_VERSION ""
#define PACKAGE_STRING ""
#define PACKAGE_BUGREPORT ""
#define PACKAGE_URL ""
#define STDC_HEADERS 1
#define HAVE_SYS_TYPES_H 1
#define HAVE_SYS_STAT_H 1
#define HAVE_STDLIB_H 1
#define HAVE_STRING_H 1
#define HAVE_MEMORY_H 1
#define HAVE_STRINGS_H 1
#define HAVE_INTTYPES_H 1
#define HAVE_STDINT_H 1
#define HAVE_UNISTD_H 1
#define __EXTENSIONS__ 1
#define _ALL_SOURCE 1
#define _GNU_SOURCE 1
#define _POSIX_PTHREAD_SEMANTICS 1
#define _TANDEM_SOURCE 1
#define HAVE_USELOCALE 1
#define HAVE_NEWLOCALE 1
#define HAVE_FREELOCALE 1
#define HAVE_XLOCALE_H 1
#define HAVE_EXECINFO_H 1

configure: exit 0
